<?xml version="1.0" encoding="UTF-8"?>
<!-- Generated by org.testng.reporters.JUnitReportReporter -->
<testsuite skipped="0" hostname="HW1033" name="com.vv.test.automation.web.stepdefinition.LoginWithValidLearnerCredentialsStep" tests="1" failures="0" timestamp="12 Apr 2018 10:54:35 GMT" time="20.521" errors="0">
  <testcase name="WithValidLoginCredentials" time="20.521" classname="com.vv.test.automation.web.stepdefinition.LoginWithValidLearnerCredentialsStep"/>
</testsuite> <!-- com.vv.test.automation.web.stepdefinition.LoginWithValidLearnerCredentialsStep -->
