<?xml version="1.0" encoding="UTF-8"?>
<!-- Generated by org.testng.reporters.JUnitReportReporter -->
<testsuite skipped="0" hostname="HW1033" name="com.vv.test.automation.web.stepdefinition.SignUpAsLearnerStep" tests="1" failures="0" timestamp="12 Apr 2018 10:54:35 GMT" time="9.508" errors="0">
  <testcase name="SignUp" time="9.508" classname="com.vv.test.automation.web.stepdefinition.SignUpAsLearnerStep"/>
</testsuite> <!-- com.vv.test.automation.web.stepdefinition.SignUpAsLearnerStep -->
