<?xml version="1.0" encoding="UTF-8"?>
<!-- Generated by org.testng.reporters.JUnitXMLReporter -->
<testsuite hostname="HW1033" ignored="11" name="Test-chrome-Web" tests="3" failures="0" timestamp="13 Apr 2018 07:08:05 GMT" time="184.198" errors="0">
  <testcase name="BookACruiseStep" time="42.381" classname="com.vv.test.automation.web.stepdefinition.BookACruiseStep"/>
  <testcase name="SignUp" time="9.38" classname="com.vv.test.automation.web.stepdefinition.SignUpAsLearnerStep"/>
  <testcase name="WithValidLoginCredentials" time="17.954" classname="com.vv.test.automation.web.stepdefinition.LoginWithValidLearnerCredentialsStep"/>
  <testcase name="@BeforeSuite beforeSuite" time="0.0" classname="com.vv.test.automation.web.accelerators.TestEngineWeb">
    <ignored/>
  </testcase> <!-- @BeforeSuite beforeSuite -->
  <testcase name="@BeforeSuite beforeSuite" time="0.0" classname="com.vv.test.automation.web.accelerators.TestEngineWeb">
    <ignored/>
  </testcase> <!-- @BeforeSuite beforeSuite -->
  <testcase name="@AfterTest afterTest" time="0.0" classname="com.vv.test.automation.web.accelerators.TestEngineWeb">
    <ignored/>
  </testcase> <!-- @AfterTest afterTest -->
  <testcase name="@AfterTest afterTest" time="0.0" classname="com.vv.test.automation.web.accelerators.TestEngineWeb">
    <ignored/>
  </testcase> <!-- @AfterTest afterTest -->
  <testcase name="@BeforeTest beforeTest" time="0.0" classname="com.vv.test.automation.web.accelerators.TestEngineWeb">
    <ignored/>
  </testcase> <!-- @BeforeTest beforeTest -->
  <testcase name="@BeforeTest beforeTest" time="0.0" classname="com.vv.test.automation.web.accelerators.TestEngineWeb">
    <ignored/>
  </testcase> <!-- @BeforeTest beforeTest -->
  <testcase name="@AfterSuite afterSuite" time="0.0" classname="com.vv.test.automation.web.accelerators.TestEngineWeb">
    <ignored/>
  </testcase> <!-- @AfterSuite afterSuite -->
  <testcase name="@AfterSuite afterSuite" time="0.0" classname="com.vv.test.automation.web.accelerators.TestEngineWeb">
    <ignored/>
  </testcase> <!-- @AfterSuite afterSuite -->
  <testcase name="feature" time="0.0" classname="cucumber.api.testng.AbstractTestNGCucumberTests">
    <ignored/>
  </testcase> <!-- feature -->
  <testcase name="feature" time="0.0" classname="cucumber.api.testng.AbstractTestNGCucumberTests">
    <ignored/>
  </testcase> <!-- feature -->
  <testcase name="feature" time="0.0" classname="cucumber.api.testng.AbstractTestNGCucumberTests">
    <ignored/>
  </testcase> <!-- feature -->
</testsuite> <!-- Test-chrome-Web -->
