<?xml version="1.0" encoding="UTF-8"?>
<!-- Generated by org.testng.reporters.JUnitXMLReporter -->
<testsuite hostname="HW1033" ignored="1" name="Test-chrome-Web" tests="1" failures="0" timestamp="11 Apr 2018 13:31:58 GMT" time="30.491" errors="0">
  <testcase name="SignUp" time="8.532" classname="com.vv.test.automation.web.stepdefinition.SignUpAsLearnerStep"/>
  <testcase name="feature" time="0.0" classname="cucumber.api.testng.AbstractTestNGCucumberTests">
    <ignored/>
  </testcase> <!-- feature -->
</testsuite> <!-- Test-chrome-Web -->
